<?xml version="1.0" encoding="UTF-8"?>
<testng-results ignored="0" total="2" passed="2" failed="0" skipped="0">
  <reporter-output>
  </reporter-output>
  <suite started-at="2023-12-13T00:00:07 IST" name="Suite" finished-at="2023-12-13T00:00:23 IST" duration-ms="16789">
    <groups>
    </groups>
    <test started-at="2023-12-13T00:00:07 IST" name="Test" finished-at="2023-12-13T00:00:23 IST" duration-ms="16789">
      <class name="testScenario.TestLogin">
        <test-method is-config="true" signature="setUp()[pri:0, instance:testScenario.TestLogin@747ddf94]" started-at="2023-12-13T00:00:07 IST" name="setUp" finished-at="2023-12-13T00:00:09 IST" duration-ms="2368" status="PASS">
          <reporter-output>
          </reporter-output>
        </test-method> <!-- setUp -->
        <test-method signature="testSuccessfulLogin()[pri:1, instance:testScenario.TestLogin@747ddf94]" started-at="2023-12-13T00:00:09 IST" name="testSuccessfulLogin" finished-at="2023-12-13T00:00:21 IST" duration-ms="11328" status="PASS">
          <reporter-output>
          </reporter-output>
        </test-method> <!-- testSuccessfulLogin -->
        <test-method signature="testSuccessfulLogout()[pri:2, instance:testScenario.TestLogin@747ddf94]" started-at="2023-12-13T00:00:21 IST" name="testSuccessfulLogout" finished-at="2023-12-13T00:00:23 IST" duration-ms="2144" status="PASS">
          <reporter-output>
          </reporter-output>
        </test-method> <!-- testSuccessfulLogout -->
        <test-method is-config="true" signature="tearDown()[pri:0, instance:testScenario.TestLogin@747ddf94]" started-at="2023-12-13T00:00:23 IST" name="tearDown" finished-at="2023-12-13T00:00:23 IST" duration-ms="613" status="PASS">
          <reporter-output>
          </reporter-output>
        </test-method> <!-- tearDown -->
      </class> <!-- testScenario.TestLogin -->
    </test> <!-- Test -->
  </suite> <!-- Suite -->
</testng-results>
